-------------------------------------------------------------------------------
Test set: OperacionTest
-------------------------------------------------------------------------------
Tests run: 2, Failures: 1, Errors: 0, Skipped: 0, Time elapsed: 0.053 s <<< FAILURE! - in OperacionTest
testSuma(OperacionTest)  Time elapsed: 0.005 s  <<< FAILURE!
java.lang.AssertionError: expected:<14> but was:<13>
	at OperacionTest.testSuma(OperacionTest.java:15)

