<?xml version="1.0" encoding="UTF-8"?>
<testsuite xmlns:xsi="http://www.w3.org/2001/XMLSchema-instance" xsi:noNamespaceSchemaLocation="https://maven.apache.org/surefire/maven-surefire-plugin/xsd/surefire-test-report.xsd" name="OperacionTest" time="0.053" tests="2" errors="0" skipped="0" failures="1">
  <properties>
[...]
</properties>
  <testcase name="testResta" classname="OperacionTest" time="0.002"/>
  <testcase name="testSuma" classname="OperacionTest" time="0.005">
    <failure message="expected:&lt;14&gt; but was:&lt;13&gt;" type="java.lang.AssertionError"><![CDATA[java.lang.AssertionError: expected:<14> but was:<13>
	at OperacionTest.testSuma(OperacionTest.java:15)
]]></failure>
  </testcase>
</testsuite>